<?xml version="1.0" encoding="UTF-8"?>
<TestRun id="0c764a6c-45cf-4a54-881c-1b315bc5306e" name="admin@QA-PC 2011-07-13 12:18:55" runUser="QA-PC\admin" xmlns="http://microsoft.com/schemas/VisualStudio/TeamTest/2010">
  <TestSettings name="Local" id="7637512d-7cbd-4d67-9f39-cc9f620de904">
    <Description>These are default test settings for a local test run.</Description>
    <Deployment enabled="false" runDeploymentRoot="admin_QA-PC 2011-07-13 12_18_55">
      <DeploymentItem filename="E:\Harish\Personal\Project\RepositoryPattern\Reference\StructureMap.dll" />
      <DeploymentItem filename="E:\Harish\Personal\Project\RepositoryPattern\BussinessLayer\bin\Debug\BussinessLayer.dll" />
      <DeploymentItem filename="E:\Harish\Personal\Project\RepositoryPattern\DataAccessLayer\bin\Debug\DataAccessLayer.dll" />
    </Deployment>
    <Execution>
      <TestTypeSpecific />
      <AgentRule name="Execution Agents">
      </AgentRule>
    </Execution>
  </TestSettings>
  <Times creation="2011-07-13T12:18:55.4224974+05:30" queuing="2011-07-13T12:18:56.5355611+05:30" start="2011-07-13T12:18:56.8255777+05:30" finish="2011-07-13T12:18:59.8777523+05:30" />
  <ResultSummary outcome="Completed">
    <Counters total="4" executed="4" passed="4" error="0" failed="0" timeout="0" aborted="0" inconclusive="0" passedButRunAborted="0" notRunnable="0" notExecuted="0" disconnected="0" warning="0" completed="0" inProgress="0" pending="0" />
  </ResultSummary>
  <TestDefinitions>
    <UnitTest name="GetAll" storage="e:\harish\personal\project\repositorypattern\testcase\bin\debug\testcase.dll" id="5ea52863-6514-67e6-e01c-b762becdaa2d">
      <Execution id="499786ab-b5a1-432a-b502-573e996dd3c8" />
      <TestMethod codeBase="E:/Harish/Personal/Project/RepositoryPattern/TestCase/bin/Debug/TestCase.DLL" adapterTypeName="Microsoft.VisualStudio.TestTools.TestTypes.Unit.UnitTestAdapter, Microsoft.VisualStudio.QualityTools.Tips.UnitTest.Adapter, Version=10.0.0.0, Culture=neutral, PublicKeyToken=b03f5f7f11d50a3a" className="TestCase.Department, TestCase, Version=1.0.0.0, Culture=neutral, PublicKeyToken=null" name="GetAll" />
    </UnitTest>
    <UnitTest name="Save" storage="e:\harish\personal\project\repositorypattern\testcase\bin\debug\testcase.dll" id="34c9eb3f-fba5-552c-11a3-9ad7254f99bc">
      <Execution id="fbcd2d4b-18bf-4413-aead-266770451983" />
      <TestMethod codeBase="E:/Harish/Personal/Project/RepositoryPattern/TestCase/bin/Debug/TestCase.DLL" adapterTypeName="Microsoft.VisualStudio.TestTools.TestTypes.Unit.UnitTestAdapter, Microsoft.VisualStudio.QualityTools.Tips.UnitTest.Adapter, Version=10.0.0.0, Culture=neutral, PublicKeyToken=b03f5f7f11d50a3a" className="TestCase.Department, TestCase, Version=1.0.0.0, Culture=neutral, PublicKeyToken=null" name="Save" />
    </UnitTest>
    <UnitTest name="GetById" storage="e:\harish\personal\project\repositorypattern\testcase\bin\debug\testcase.dll" id="220bd03a-93a6-1b93-a5f1-96953a84e428">
      <Execution id="ab2c0779-6756-484f-97c7-309b57494676" />
      <TestMethod codeBase="E:/Harish/Personal/Project/RepositoryPattern/TestCase/bin/Debug/TestCase.DLL" adapterTypeName="Microsoft.VisualStudio.TestTools.TestTypes.Unit.UnitTestAdapter, Microsoft.VisualStudio.QualityTools.Tips.UnitTest.Adapter, Version=10.0.0.0, Culture=neutral, PublicKeyToken=b03f5f7f11d50a3a" className="TestCase.Department, TestCase, Version=1.0.0.0, Culture=neutral, PublicKeyToken=null" name="GetById" />
    </UnitTest>
    <UnitTest name="Remove" storage="e:\harish\personal\project\repositorypattern\testcase\bin\debug\testcase.dll" id="bc9d694a-4191-2bfc-5f36-b64a5302c523">
      <Execution id="7df4fa92-2004-4283-9bb1-aca0dbcd5f93" />
      <TestMethod codeBase="E:/Harish/Personal/Project/RepositoryPattern/TestCase/bin/Debug/TestCase.DLL" adapterTypeName="Microsoft.VisualStudio.TestTools.TestTypes.Unit.UnitTestAdapter, Microsoft.VisualStudio.QualityTools.Tips.UnitTest.Adapter, Version=10.0.0.0, Culture=neutral, PublicKeyToken=b03f5f7f11d50a3a" className="TestCase.Department, TestCase, Version=1.0.0.0, Culture=neutral, PublicKeyToken=null" name="Remove" />
    </UnitTest>
  </TestDefinitions>
  <TestLists>
    <TestList name="Results Not in a List" id="8c84fa94-04c1-424b-9868-57a2d4851a1d" />
    <TestList name="All Loaded Results" id="19431567-8539-422a-85d7-44ee4e166bda" />
  </TestLists>
  <TestEntries>
    <TestEntry testId="220bd03a-93a6-1b93-a5f1-96953a84e428" executionId="ab2c0779-6756-484f-97c7-309b57494676" testListId="8c84fa94-04c1-424b-9868-57a2d4851a1d" />
    <TestEntry testId="34c9eb3f-fba5-552c-11a3-9ad7254f99bc" executionId="fbcd2d4b-18bf-4413-aead-266770451983" testListId="8c84fa94-04c1-424b-9868-57a2d4851a1d" />
    <TestEntry testId="5ea52863-6514-67e6-e01c-b762becdaa2d" executionId="499786ab-b5a1-432a-b502-573e996dd3c8" testListId="8c84fa94-04c1-424b-9868-57a2d4851a1d" />
    <TestEntry testId="bc9d694a-4191-2bfc-5f36-b64a5302c523" executionId="7df4fa92-2004-4283-9bb1-aca0dbcd5f93" testListId="8c84fa94-04c1-424b-9868-57a2d4851a1d" />
  </TestEntries>
  <Results>
    <UnitTestResult executionId="ab2c0779-6756-484f-97c7-309b57494676" testId="220bd03a-93a6-1b93-a5f1-96953a84e428" testName="GetById" computerName="QA-PC" duration="00:00:00.5026100" startTime="2011-07-13T12:18:57.0555908+05:30" endTime="2011-07-13T12:18:58.1666544+05:30" testType="13cdc9d9-ddb5-4fa4-a97d-d965ccfc6d4b" outcome="Passed" testListId="8c84fa94-04c1-424b-9868-57a2d4851a1d" relativeResultsDirectory="ab2c0779-6756-484f-97c7-309b57494676">
    </UnitTestResult>
    <UnitTestResult executionId="fbcd2d4b-18bf-4413-aead-266770451983" testId="34c9eb3f-fba5-552c-11a3-9ad7254f99bc" testName="Save" computerName="QA-PC" duration="00:00:00.0343778" startTime="2011-07-13T12:18:58.1826553+05:30" endTime="2011-07-13T12:18:58.2266578+05:30" testType="13cdc9d9-ddb5-4fa4-a97d-d965ccfc6d4b" outcome="Passed" testListId="8c84fa94-04c1-424b-9868-57a2d4851a1d" relativeResultsDirectory="fbcd2d4b-18bf-4413-aead-266770451983">
      <Output>
        <StdOut>Record has been saved</StdOut>
      </Output>
    </UnitTestResult>
    <UnitTestResult executionId="499786ab-b5a1-432a-b502-573e996dd3c8" testId="5ea52863-6514-67e6-e01c-b762becdaa2d" testName="GetAll" computerName="QA-PC" duration="00:00:00.0121239" startTime="2011-07-13T12:18:58.2336582+05:30" endTime="2011-07-13T12:18:58.2536594+05:30" testType="13cdc9d9-ddb5-4fa4-a97d-d965ccfc6d4b" outcome="Passed" testListId="8c84fa94-04c1-424b-9868-57a2d4851a1d" relativeResultsDirectory="499786ab-b5a1-432a-b502-573e996dd3c8">
      <Output>
        <StdOut>object is null</StdOut>
      </Output>
    </UnitTestResult>
    <UnitTestResult executionId="7df4fa92-2004-4283-9bb1-aca0dbcd5f93" testId="bc9d694a-4191-2bfc-5f36-b64a5302c523" testName="Remove" computerName="QA-PC" duration="00:00:00.0124881" startTime="2011-07-13T12:18:58.2606598+05:30" endTime="2011-07-13T12:18:58.2816610+05:30" testType="13cdc9d9-ddb5-4fa4-a97d-d965ccfc6d4b" outcome="Passed" testListId="8c84fa94-04c1-424b-9868-57a2d4851a1d" relativeResultsDirectory="7df4fa92-2004-4283-9bb1-aca0dbcd5f93">
    </UnitTestResult>
  </Results>
</TestRun>