<?xml version="1.0" encoding="UTF-8"?>
<TestRun id="3e984484-f391-46b4-912f-39c4333c099c" name="admin@QA-PC 2011-07-13 12:31:58" runUser="QA-PC\admin" xmlns="http://microsoft.com/schemas/VisualStudio/TeamTest/2010">
  <TestSettings name="Local" id="7637512d-7cbd-4d67-9f39-cc9f620de904">
    <Description>These are default test settings for a local test run.</Description>
    <Deployment userDeploymentRoot="E:\Harish\Personal\Project\RepositoryPattern\TestResults" useDefaultDeploymentRoot="false" enabled="false" runDeploymentRoot="admin_QA-PC 2011-07-13 12_31_58">
      <DeploymentItem filename="E:\Harish\Personal\Project\RepositoryPattern\Reference\StructureMap.dll" />
      <DeploymentItem filename="E:\Harish\Personal\Project\RepositoryPattern\BussinessLayer\bin\Debug\BussinessLayer.dll" />
      <DeploymentItem filename="E:\Harish\Personal\Project\RepositoryPattern\DataAccessLayer\bin\Debug\DataAccessLayer.dll" />
    </Deployment>
    <Execution>
      <TestTypeSpecific />
      <AgentRule name="Execution Agents">
      </AgentRule>
    </Execution>
  </TestSettings>
  <Times creation="2011-07-13T12:31:58.9833145+05:30" queuing="2011-07-13T12:32:00.3003899+05:30" start="2011-07-13T12:32:00.4964011+05:30" finish="2011-07-13T12:32:18.2744179+05:30" />
  <ResultSummary outcome="Completed">
    <Counters total="1" executed="1" passed="1" error="0" failed="0" timeout="0" aborted="0" inconclusive="0" passedButRunAborted="0" notRunnable="0" notExecuted="0" disconnected="0" warning="0" completed="0" inProgress="0" pending="0" />
  </ResultSummary>
  <TestDefinitions>
    <UnitTest name="GetAll" storage="e:\harish\personal\project\repositorypattern\testcase\bin\debug\testcase.dll" id="5ea52863-6514-67e6-e01c-b762becdaa2d">
      <Execution id="2433a3d3-a114-4770-929f-0415c92c15b5" />
      <TestMethod codeBase="E:/Harish/Personal/Project/RepositoryPattern/TestCase/bin/Debug/TestCase.DLL" adapterTypeName="Microsoft.VisualStudio.TestTools.TestTypes.Unit.UnitTestAdapter, Microsoft.VisualStudio.QualityTools.Tips.UnitTest.Adapter, Version=10.0.0.0, Culture=neutral, PublicKeyToken=b03f5f7f11d50a3a" className="TestCase.Department, TestCase, Version=1.0.0.0, Culture=neutral, PublicKeyToken=null" name="GetAll" />
    </UnitTest>
  </TestDefinitions>
  <TestLists>
    <TestList name="Results Not in a List" id="8c84fa94-04c1-424b-9868-57a2d4851a1d" />
    <TestList name="All Loaded Results" id="19431567-8539-422a-85d7-44ee4e166bda" />
  </TestLists>
  <TestEntries>
    <TestEntry testId="5ea52863-6514-67e6-e01c-b762becdaa2d" executionId="2433a3d3-a114-4770-929f-0415c92c15b5" testListId="8c84fa94-04c1-424b-9868-57a2d4851a1d" />
  </TestEntries>
  <Results>
    <UnitTestResult executionId="2433a3d3-a114-4770-929f-0415c92c15b5" testId="5ea52863-6514-67e6-e01c-b762becdaa2d" testName="GetAll" computerName="QA-PC" duration="00:00:15.1800215" startTime="2011-07-13T12:32:00.7034129+05:30" endTime="2011-07-13T12:32:16.6793267+05:30" testType="13cdc9d9-ddb5-4fa4-a97d-d965ccfc6d4b" outcome="Passed" testListId="8c84fa94-04c1-424b-9868-57a2d4851a1d" relativeResultsDirectory="2433a3d3-a114-4770-929f-0415c92c15b5">
      <Output>
        <StdOut>9 record has been fetched</StdOut>
      </Output>
    </UnitTestResult>
  </Results>
</TestRun>