<?xml version="1.0" encoding="UTF-8"?>
<TestRun id="c07b3e34-c7b3-4126-ac44-f6f5d9174f8c" name="admin@QA-PC 2011-07-13 12:17:17" runUser="QA-PC\admin" xmlns="http://microsoft.com/schemas/VisualStudio/TeamTest/2010">
  <TestSettings name="Local" id="7637512d-7cbd-4d67-9f39-cc9f620de904">
    <Description>These are default test settings for a local test run.</Description>
    <Deployment enabled="false" runDeploymentRoot="admin_QA-PC 2011-07-13 12_17_17">
      <DeploymentItem filename="E:\Harish\Personal\Project\RepositoryPattern\Reference\StructureMap.dll" />
      <DeploymentItem filename="E:\Harish\Personal\Project\RepositoryPattern\BussinessLayer\bin\Debug\BussinessLayer.dll" />
      <DeploymentItem filename="E:\Harish\Personal\Project\RepositoryPattern\DataAccessLayer\bin\Debug\DataAccessLayer.dll" />
    </Deployment>
    <Execution>
      <TestTypeSpecific />
      <AgentRule name="Execution Agents">
      </AgentRule>
    </Execution>
  </TestSettings>
  <Times creation="2011-07-13T12:17:17.2338814+05:30" queuing="2011-07-13T12:17:18.4739523+05:30" start="2011-07-13T12:17:18.7339672+05:30" finish="2011-07-13T12:17:22.2521684+05:30" />
  <ResultSummary outcome="Completed">
    <Counters total="4" executed="4" passed="4" error="0" failed="0" timeout="0" aborted="0" inconclusive="0" passedButRunAborted="0" notRunnable="0" notExecuted="0" disconnected="0" warning="0" completed="0" inProgress="0" pending="0" />
  </ResultSummary>
  <TestDefinitions>
    <UnitTest name="GetAll" storage="e:\harish\personal\project\repositorypattern\testcase\bin\debug\testcase.dll" id="5ea52863-6514-67e6-e01c-b762becdaa2d">
      <Execution id="2e785abf-461d-495b-a107-8da9202f8c44" />
      <TestMethod codeBase="E:/Harish/Personal/Project/RepositoryPattern/TestCase/bin/Debug/TestCase.DLL" adapterTypeName="Microsoft.VisualStudio.TestTools.TestTypes.Unit.UnitTestAdapter, Microsoft.VisualStudio.QualityTools.Tips.UnitTest.Adapter, Version=10.0.0.0, Culture=neutral, PublicKeyToken=b03f5f7f11d50a3a" className="TestCase.Department, TestCase, Version=1.0.0.0, Culture=neutral, PublicKeyToken=null" name="GetAll" />
    </UnitTest>
    <UnitTest name="Save" storage="e:\harish\personal\project\repositorypattern\testcase\bin\debug\testcase.dll" id="34c9eb3f-fba5-552c-11a3-9ad7254f99bc">
      <Execution id="bb8f165e-b490-499f-9ddd-39f78b5c8dcb" />
      <TestMethod codeBase="E:/Harish/Personal/Project/RepositoryPattern/TestCase/bin/Debug/TestCase.DLL" adapterTypeName="Microsoft.VisualStudio.TestTools.TestTypes.Unit.UnitTestAdapter, Microsoft.VisualStudio.QualityTools.Tips.UnitTest.Adapter, Version=10.0.0.0, Culture=neutral, PublicKeyToken=b03f5f7f11d50a3a" className="TestCase.Department, TestCase, Version=1.0.0.0, Culture=neutral, PublicKeyToken=null" name="Save" />
    </UnitTest>
    <UnitTest name="GetById" storage="e:\harish\personal\project\repositorypattern\testcase\bin\debug\testcase.dll" id="220bd03a-93a6-1b93-a5f1-96953a84e428">
      <Execution id="4d62abed-88bf-4b1c-825c-4419408ba700" />
      <TestMethod codeBase="E:/Harish/Personal/Project/RepositoryPattern/TestCase/bin/Debug/TestCase.DLL" adapterTypeName="Microsoft.VisualStudio.TestTools.TestTypes.Unit.UnitTestAdapter, Microsoft.VisualStudio.QualityTools.Tips.UnitTest.Adapter, Version=10.0.0.0, Culture=neutral, PublicKeyToken=b03f5f7f11d50a3a" className="TestCase.Department, TestCase, Version=1.0.0.0, Culture=neutral, PublicKeyToken=null" name="GetById" />
    </UnitTest>
    <UnitTest name="Remove" storage="e:\harish\personal\project\repositorypattern\testcase\bin\debug\testcase.dll" id="bc9d694a-4191-2bfc-5f36-b64a5302c523">
      <Execution id="dd61c305-e0c3-4760-8d5f-73910fc7abd5" />
      <TestMethod codeBase="E:/Harish/Personal/Project/RepositoryPattern/TestCase/bin/Debug/TestCase.DLL" adapterTypeName="Microsoft.VisualStudio.TestTools.TestTypes.Unit.UnitTestAdapter, Microsoft.VisualStudio.QualityTools.Tips.UnitTest.Adapter, Version=10.0.0.0, Culture=neutral, PublicKeyToken=b03f5f7f11d50a3a" className="TestCase.Department, TestCase, Version=1.0.0.0, Culture=neutral, PublicKeyToken=null" name="Remove" />
    </UnitTest>
  </TestDefinitions>
  <TestLists>
    <TestList name="Results Not in a List" id="8c84fa94-04c1-424b-9868-57a2d4851a1d" />
    <TestList name="All Loaded Results" id="19431567-8539-422a-85d7-44ee4e166bda" />
  </TestLists>
  <TestEntries>
    <TestEntry testId="220bd03a-93a6-1b93-a5f1-96953a84e428" executionId="4d62abed-88bf-4b1c-825c-4419408ba700" testListId="8c84fa94-04c1-424b-9868-57a2d4851a1d" />
    <TestEntry testId="34c9eb3f-fba5-552c-11a3-9ad7254f99bc" executionId="bb8f165e-b490-499f-9ddd-39f78b5c8dcb" testListId="8c84fa94-04c1-424b-9868-57a2d4851a1d" />
    <TestEntry testId="5ea52863-6514-67e6-e01c-b762becdaa2d" executionId="2e785abf-461d-495b-a107-8da9202f8c44" testListId="8c84fa94-04c1-424b-9868-57a2d4851a1d" />
    <TestEntry testId="bc9d694a-4191-2bfc-5f36-b64a5302c523" executionId="dd61c305-e0c3-4760-8d5f-73910fc7abd5" testListId="8c84fa94-04c1-424b-9868-57a2d4851a1d" />
  </TestEntries>
  <Results>
    <UnitTestResult executionId="4d62abed-88bf-4b1c-825c-4419408ba700" testId="220bd03a-93a6-1b93-a5f1-96953a84e428" testName="GetById" computerName="QA-PC" duration="00:00:00.6821026" startTime="2011-07-13T12:17:18.9999824+05:30" endTime="2011-07-13T12:17:20.4670663+05:30" testType="13cdc9d9-ddb5-4fa4-a97d-d965ccfc6d4b" outcome="Passed" testListId="8c84fa94-04c1-424b-9868-57a2d4851a1d" relativeResultsDirectory="4d62abed-88bf-4b1c-825c-4419408ba700">
    </UnitTestResult>
    <UnitTestResult executionId="bb8f165e-b490-499f-9ddd-39f78b5c8dcb" testId="34c9eb3f-fba5-552c-11a3-9ad7254f99bc" testName="Save" computerName="QA-PC" duration="00:00:00.0610296" startTime="2011-07-13T12:17:20.4890675+05:30" endTime="2011-07-13T12:17:20.5630718+05:30" testType="13cdc9d9-ddb5-4fa4-a97d-d965ccfc6d4b" outcome="Passed" testListId="8c84fa94-04c1-424b-9868-57a2d4851a1d" relativeResultsDirectory="bb8f165e-b490-499f-9ddd-39f78b5c8dcb">
      <Output>
        <StdOut>Record has been saved</StdOut>
      </Output>
    </UnitTestResult>
    <UnitTestResult executionId="2e785abf-461d-495b-a107-8da9202f8c44" testId="5ea52863-6514-67e6-e01c-b762becdaa2d" testName="GetAll" computerName="QA-PC" duration="00:00:00.0149797" startTime="2011-07-13T12:17:20.5690721+05:30" endTime="2011-07-13T12:17:20.5910734+05:30" testType="13cdc9d9-ddb5-4fa4-a97d-d965ccfc6d4b" outcome="Passed" testListId="8c84fa94-04c1-424b-9868-57a2d4851a1d" relativeResultsDirectory="2e785abf-461d-495b-a107-8da9202f8c44">
      <Output>
        <StdOut>object is null</StdOut>
      </Output>
    </UnitTestResult>
    <UnitTestResult executionId="dd61c305-e0c3-4760-8d5f-73910fc7abd5" testId="bc9d694a-4191-2bfc-5f36-b64a5302c523" testName="Remove" computerName="QA-PC" duration="00:00:00.0124754" startTime="2011-07-13T12:17:20.5990738+05:30" endTime="2011-07-13T12:17:20.6190750+05:30" testType="13cdc9d9-ddb5-4fa4-a97d-d965ccfc6d4b" outcome="Passed" testListId="8c84fa94-04c1-424b-9868-57a2d4851a1d" relativeResultsDirectory="dd61c305-e0c3-4760-8d5f-73910fc7abd5">
    </UnitTestResult>
  </Results>
</TestRun>