<?xml version="1.0" encoding="UTF-8"?>
<TestRun id="52bc8c18-e60f-43a5-bff7-a9a3e2b39c0f" name="admin@QA-PC 2011-07-13 12:23:54" runUser="QA-PC\admin" xmlns="http://microsoft.com/schemas/VisualStudio/TeamTest/2010">
  <TestSettings name="Local" id="7637512d-7cbd-4d67-9f39-cc9f620de904">
    <Description>These are default test settings for a local test run.</Description>
    <Deployment enabled="false" runDeploymentRoot="admin_QA-PC 2011-07-13 12_23_54">
      <DeploymentItem filename="E:\Harish\Personal\Project\RepositoryPattern\Reference\StructureMap.dll" />
      <DeploymentItem filename="E:\Harish\Personal\Project\RepositoryPattern\BussinessLayer\bin\Debug\BussinessLayer.dll" />
      <DeploymentItem filename="E:\Harish\Personal\Project\RepositoryPattern\DataAccessLayer\bin\Debug\DataAccessLayer.dll" />
    </Deployment>
    <Execution>
      <TestTypeSpecific />
      <AgentRule name="Execution Agents">
      </AgentRule>
    </Execution>
  </TestSettings>
  <Times creation="2011-07-13T12:23:54.6306112+05:30" queuing="2011-07-13T12:23:55.7216736+05:30" start="2011-07-13T12:23:55.9886888+05:30" finish="2011-07-13T12:24:04.9211997+05:30" />
  <ResultSummary outcome="Completed">
    <Counters total="4" executed="4" passed="4" error="0" failed="0" timeout="0" aborted="0" inconclusive="0" passedButRunAborted="0" notRunnable="0" notExecuted="0" disconnected="0" warning="0" completed="0" inProgress="0" pending="0" />
  </ResultSummary>
  <TestDefinitions>
    <UnitTest name="Save" storage="e:\harish\personal\project\repositorypattern\testcase\bin\debug\testcase.dll" id="fb41fc7e-5006-123f-f244-35118257dab1">
      <Execution id="09292b33-4206-4f23-a9a6-e743dadfcfb0" />
      <TestMethod codeBase="E:/Harish/Personal/Project/RepositoryPattern/TestCase/bin/Debug/TestCase.DLL" adapterTypeName="Microsoft.VisualStudio.TestTools.TestTypes.Unit.UnitTestAdapter, Microsoft.VisualStudio.QualityTools.Tips.UnitTest.Adapter, Version=10.0.0.0, Culture=neutral, PublicKeyToken=b03f5f7f11d50a3a" className="TestCase.User, TestCase, Version=1.0.0.0, Culture=neutral, PublicKeyToken=null" name="Save" />
    </UnitTest>
    <UnitTest name="GetAll" storage="e:\harish\personal\project\repositorypattern\testcase\bin\debug\testcase.dll" id="3a94fc7c-bef5-a52b-b9ba-627d606f9d6f">
      <Execution id="92cce094-b040-4692-bd52-943164db7eae" />
      <TestMethod codeBase="E:/Harish/Personal/Project/RepositoryPattern/TestCase/bin/Debug/TestCase.DLL" adapterTypeName="Microsoft.VisualStudio.TestTools.TestTypes.Unit.UnitTestAdapter, Microsoft.VisualStudio.QualityTools.Tips.UnitTest.Adapter, Version=10.0.0.0, Culture=neutral, PublicKeyToken=b03f5f7f11d50a3a" className="TestCase.User, TestCase, Version=1.0.0.0, Culture=neutral, PublicKeyToken=null" name="GetAll" />
    </UnitTest>
    <UnitTest name="GetById" storage="e:\harish\personal\project\repositorypattern\testcase\bin\debug\testcase.dll" id="029e4f28-5430-e0d2-274d-4bac2cd65418">
      <Execution id="2c45667e-8a49-4dc8-8008-fed4854376db" />
      <TestMethod codeBase="E:/Harish/Personal/Project/RepositoryPattern/TestCase/bin/Debug/TestCase.DLL" adapterTypeName="Microsoft.VisualStudio.TestTools.TestTypes.Unit.UnitTestAdapter, Microsoft.VisualStudio.QualityTools.Tips.UnitTest.Adapter, Version=10.0.0.0, Culture=neutral, PublicKeyToken=b03f5f7f11d50a3a" className="TestCase.User, TestCase, Version=1.0.0.0, Culture=neutral, PublicKeyToken=null" name="GetById" />
    </UnitTest>
    <UnitTest name="Remove" storage="e:\harish\personal\project\repositorypattern\testcase\bin\debug\testcase.dll" id="62686fb1-ea66-dd38-6526-14a2c35b7d9e">
      <Execution id="fdbb4d2f-b6e8-48f0-9677-4129a1ad3a8e" />
      <TestMethod codeBase="E:/Harish/Personal/Project/RepositoryPattern/TestCase/bin/Debug/TestCase.DLL" adapterTypeName="Microsoft.VisualStudio.TestTools.TestTypes.Unit.UnitTestAdapter, Microsoft.VisualStudio.QualityTools.Tips.UnitTest.Adapter, Version=10.0.0.0, Culture=neutral, PublicKeyToken=b03f5f7f11d50a3a" className="TestCase.User, TestCase, Version=1.0.0.0, Culture=neutral, PublicKeyToken=null" name="Remove" />
    </UnitTest>
  </TestDefinitions>
  <TestLists>
    <TestList name="Results Not in a List" id="8c84fa94-04c1-424b-9868-57a2d4851a1d" />
    <TestList name="All Loaded Results" id="19431567-8539-422a-85d7-44ee4e166bda" />
  </TestLists>
  <TestEntries>
    <TestEntry testId="029e4f28-5430-e0d2-274d-4bac2cd65418" executionId="2c45667e-8a49-4dc8-8008-fed4854376db" testListId="8c84fa94-04c1-424b-9868-57a2d4851a1d" />
    <TestEntry testId="3a94fc7c-bef5-a52b-b9ba-627d606f9d6f" executionId="92cce094-b040-4692-bd52-943164db7eae" testListId="8c84fa94-04c1-424b-9868-57a2d4851a1d" />
    <TestEntry testId="62686fb1-ea66-dd38-6526-14a2c35b7d9e" executionId="fdbb4d2f-b6e8-48f0-9677-4129a1ad3a8e" testListId="8c84fa94-04c1-424b-9868-57a2d4851a1d" />
    <TestEntry testId="fb41fc7e-5006-123f-f244-35118257dab1" executionId="09292b33-4206-4f23-a9a6-e743dadfcfb0" testListId="8c84fa94-04c1-424b-9868-57a2d4851a1d" />
  </TestEntries>
  <Results>
    <UnitTestResult executionId="2c45667e-8a49-4dc8-8008-fed4854376db" testId="029e4f28-5430-e0d2-274d-4bac2cd65418" testName="GetById" computerName="QA-PC" duration="00:00:06.3060702" startTime="2011-07-13T12:23:56.1997009+05:30" endTime="2011-07-13T12:24:03.1310974+05:30" testType="13cdc9d9-ddb5-4fa4-a97d-d965ccfc6d4b" outcome="Passed" testListId="8c84fa94-04c1-424b-9868-57a2d4851a1d" relativeResultsDirectory="2c45667e-8a49-4dc8-8008-fed4854376db">
      <Output>
        <StdOut>object has been return successully</StdOut>
      </Output>
    </UnitTestResult>
    <UnitTestResult executionId="92cce094-b040-4692-bd52-943164db7eae" testId="3a94fc7c-bef5-a52b-b9ba-627d606f9d6f" testName="GetAll" computerName="QA-PC" duration="00:00:00.0187764" startTime="2011-07-13T12:24:03.1430980+05:30" endTime="2011-07-13T12:24:03.1740998+05:30" testType="13cdc9d9-ddb5-4fa4-a97d-d965ccfc6d4b" outcome="Passed" testListId="8c84fa94-04c1-424b-9868-57a2d4851a1d" relativeResultsDirectory="92cce094-b040-4692-bd52-943164db7eae">
      <Output>
        <StdOut>10 record has been fetched</StdOut>
      </Output>
    </UnitTestResult>
    <UnitTestResult executionId="fdbb4d2f-b6e8-48f0-9677-4129a1ad3a8e" testId="62686fb1-ea66-dd38-6526-14a2c35b7d9e" testName="Remove" computerName="QA-PC" duration="00:00:00.0530434" startTime="2011-07-13T12:24:03.1841004+05:30" endTime="2011-07-13T12:24:03.2461039+05:30" testType="13cdc9d9-ddb5-4fa4-a97d-d965ccfc6d4b" outcome="Passed" testListId="8c84fa94-04c1-424b-9868-57a2d4851a1d" relativeResultsDirectory="fdbb4d2f-b6e8-48f0-9677-4129a1ad3a8e">
      <Output>
        <StdOut>Record has been removed</StdOut>
      </Output>
    </UnitTestResult>
    <UnitTestResult executionId="09292b33-4206-4f23-a9a6-e743dadfcfb0" testId="fb41fc7e-5006-123f-f244-35118257dab1" testName="Save" computerName="QA-PC" duration="00:00:00.0586445" startTime="2011-07-13T12:24:03.2521043+05:30" endTime="2011-07-13T12:24:03.3181080+05:30" testType="13cdc9d9-ddb5-4fa4-a97d-d965ccfc6d4b" outcome="Passed" testListId="8c84fa94-04c1-424b-9868-57a2d4851a1d" relativeResultsDirectory="09292b33-4206-4f23-a9a6-e743dadfcfb0">
      <Output>
        <StdOut>Record has been saved</StdOut>
      </Output>
    </UnitTestResult>
  </Results>
</TestRun>