<?xml version="1.0" encoding="UTF-8"?>
<TestRun id="a6004dfa-e54f-44bb-b5d6-bf29460ed9e0" name="admin@QA-PC 2011-07-13 12:26:59" runUser="QA-PC\admin" xmlns="http://microsoft.com/schemas/VisualStudio/TeamTest/2010">
  <TestSettings name="Local" id="7637512d-7cbd-4d67-9f39-cc9f620de904">
    <Description>These are default test settings for a local test run.</Description>
    <Deployment userDeploymentRoot="E:\Harish\Personal\Project\RepositoryPattern\TestResults" useDefaultDeploymentRoot="false" enabled="false" runDeploymentRoot="admin_QA-PC 2011-07-13 12_26_59">
      <DeploymentItem filename="E:\Harish\Personal\Project\RepositoryPattern\Reference\StructureMap.dll" />
      <DeploymentItem filename="E:\Harish\Personal\Project\RepositoryPattern\BussinessLayer\bin\Debug\BussinessLayer.dll" />
      <DeploymentItem filename="E:\Harish\Personal\Project\RepositoryPattern\DataAccessLayer\bin\Debug\DataAccessLayer.dll" />
    </Deployment>
    <Execution>
      <TestTypeSpecific />
      <AgentRule name="Execution Agents">
      </AgentRule>
    </Execution>
  </TestSettings>
  <Times creation="2011-07-13T12:26:59.8842071+05:30" queuing="2011-07-13T12:27:00.1002194+05:30" start="2011-07-13T12:27:00.1302211+05:30" finish="2011-07-13T12:27:02.2383417+05:30" />
  <ResultSummary outcome="Completed">
    <Counters total="1" executed="1" passed="1" error="0" failed="0" timeout="0" aborted="0" inconclusive="0" passedButRunAborted="0" notRunnable="0" notExecuted="0" disconnected="0" warning="0" completed="0" inProgress="0" pending="0" />
  </ResultSummary>
  <TestDefinitions>
    <UnitTest name="GetAll" storage="e:\harish\personal\project\repositorypattern\testcase\bin\debug\testcase.dll" id="5ea52863-6514-67e6-e01c-b762becdaa2d">
      <Execution id="d2beb21b-88e1-4a28-be39-d30b48ce2b3a" />
      <TestMethod codeBase="E:/Harish/Personal/Project/RepositoryPattern/TestCase/bin/Debug/TestCase.DLL" adapterTypeName="Microsoft.VisualStudio.TestTools.TestTypes.Unit.UnitTestAdapter, Microsoft.VisualStudio.QualityTools.Tips.UnitTest.Adapter, Version=10.0.0.0, Culture=neutral, PublicKeyToken=b03f5f7f11d50a3a" className="TestCase.Department, TestCase, Version=1.0.0.0, Culture=neutral, PublicKeyToken=null" name="GetAll" />
    </UnitTest>
  </TestDefinitions>
  <TestLists>
    <TestList name="Results Not in a List" id="8c84fa94-04c1-424b-9868-57a2d4851a1d" />
    <TestList name="All Loaded Results" id="19431567-8539-422a-85d7-44ee4e166bda" />
  </TestLists>
  <TestEntries>
    <TestEntry testId="5ea52863-6514-67e6-e01c-b762becdaa2d" executionId="d2beb21b-88e1-4a28-be39-d30b48ce2b3a" testListId="8c84fa94-04c1-424b-9868-57a2d4851a1d" />
  </TestEntries>
  <Results>
    <UnitTestResult executionId="d2beb21b-88e1-4a28-be39-d30b48ce2b3a" testId="5ea52863-6514-67e6-e01c-b762becdaa2d" testName="GetAll" computerName="QA-PC" duration="00:00:00.3122112" startTime="2011-07-13T12:27:00.1412218+05:30" endTime="2011-07-13T12:27:00.6942534+05:30" testType="13cdc9d9-ddb5-4fa4-a97d-d965ccfc6d4b" outcome="Passed" testListId="8c84fa94-04c1-424b-9868-57a2d4851a1d" relativeResultsDirectory="d2beb21b-88e1-4a28-be39-d30b48ce2b3a">
      <Output>
        <StdOut>object is null</StdOut>
      </Output>
    </UnitTestResult>
  </Results>
</TestRun>