<?xml version="1.0" encoding="UTF-8"?>
<TestRun id="386465b1-1ae1-4c31-a1ad-d90d6aade950" name="admin@QA-PC 2011-07-13 12:16:06" runUser="QA-PC\admin" xmlns="http://microsoft.com/schemas/VisualStudio/TeamTest/2010">
  <TestSettings name="Local" id="7637512d-7cbd-4d67-9f39-cc9f620de904">
    <Description>These are default test settings for a local test run.</Description>
    <Deployment enabled="false" runDeploymentRoot="admin_QA-PC 2011-07-13 12_16_06">
      <DeploymentItem filename="E:\Harish\Personal\Project\RepositoryPattern\Reference\StructureMap.dll" />
      <DeploymentItem filename="E:\Harish\Personal\Project\RepositoryPattern\BussinessLayer\bin\Debug\BussinessLayer.dll" />
      <DeploymentItem filename="E:\Harish\Personal\Project\RepositoryPattern\DataAccessLayer\bin\Debug\DataAccessLayer.dll" />
    </Deployment>
    <Execution>
      <TestTypeSpecific />
      <AgentRule name="Execution Agents">
      </AgentRule>
    </Execution>
  </TestSettings>
  <Times creation="2011-07-13T12:16:06.5928409+05:30" queuing="2011-07-13T12:16:07.8739142+05:30" start="2011-07-13T12:16:08.1549303+05:30" finish="2011-07-13T12:16:12.9992073+05:30" />
  <ResultSummary outcome="Error">
    <Counters total="4" executed="1" error="0" failed="0" timeout="0" aborted="1" inconclusive="0" passedButRunAborted="0" notRunnable="0" notExecuted="3" disconnected="0" warning="0" passed="0" completed="0" inProgress="0" pending="0" />
    <RunInfos>
      <RunInfo computerName="QA-PC" outcome="Error" timestamp="2011-07-13T12:16:12.9982073+05:30">
        <Text>Test host process exited unexpectedly.</Text>
      </RunInfo>
    </RunInfos>
  </ResultSummary>
  <TestDefinitions>
    <UnitTest name="Save" storage="e:\harish\personal\project\repositorypattern\testcase\bin\debug\testcase.dll" id="fb41fc7e-5006-123f-f244-35118257dab1">
      <Execution id="58caefcb-4e34-441e-9443-7e6f6865062e" />
      <TestMethod codeBase="E:/Harish/Personal/Project/RepositoryPattern/TestCase/bin/Debug/TestCase.DLL" adapterTypeName="Microsoft.VisualStudio.TestTools.TestTypes.Unit.UnitTestAdapter, Microsoft.VisualStudio.QualityTools.Tips.UnitTest.Adapter, Version=10.0.0.0, Culture=neutral, PublicKeyToken=b03f5f7f11d50a3a" className="TestCase.User, TestCase, Version=1.0.0.0, Culture=neutral, PublicKeyToken=null" name="Save" />
    </UnitTest>
    <UnitTest name="GetAll" storage="e:\harish\personal\project\repositorypattern\testcase\bin\debug\testcase.dll" id="3a94fc7c-bef5-a52b-b9ba-627d606f9d6f">
      <Execution id="47fbb299-e4d0-4810-b03e-53e8b657c7bf" />
      <TestMethod codeBase="E:/Harish/Personal/Project/RepositoryPattern/TestCase/bin/Debug/TestCase.DLL" adapterTypeName="Microsoft.VisualStudio.TestTools.TestTypes.Unit.UnitTestAdapter, Microsoft.VisualStudio.QualityTools.Tips.UnitTest.Adapter, Version=10.0.0.0, Culture=neutral, PublicKeyToken=b03f5f7f11d50a3a" className="TestCase.User, TestCase, Version=1.0.0.0, Culture=neutral, PublicKeyToken=null" name="GetAll" />
    </UnitTest>
    <UnitTest name="GetById" storage="e:\harish\personal\project\repositorypattern\testcase\bin\debug\testcase.dll" id="029e4f28-5430-e0d2-274d-4bac2cd65418">
      <Execution id="0b85d2dd-3f9f-4a9c-be8f-0f6db66ff9c8" />
      <TestMethod codeBase="E:/Harish/Personal/Project/RepositoryPattern/TestCase/bin/Debug/TestCase.DLL" adapterTypeName="Microsoft.VisualStudio.TestTools.TestTypes.Unit.UnitTestAdapter, Microsoft.VisualStudio.QualityTools.Tips.UnitTest.Adapter, Version=10.0.0.0, Culture=neutral, PublicKeyToken=b03f5f7f11d50a3a" className="TestCase.User, TestCase, Version=1.0.0.0, Culture=neutral, PublicKeyToken=null" name="GetById" />
    </UnitTest>
    <UnitTest name="Remove" storage="e:\harish\personal\project\repositorypattern\testcase\bin\debug\testcase.dll" id="62686fb1-ea66-dd38-6526-14a2c35b7d9e">
      <Execution id="da232055-829d-43fc-803f-ef21dac1a3bc" />
      <TestMethod codeBase="E:/Harish/Personal/Project/RepositoryPattern/TestCase/bin/Debug/TestCase.DLL" adapterTypeName="Microsoft.VisualStudio.TestTools.TestTypes.Unit.UnitTestAdapter, Microsoft.VisualStudio.QualityTools.Tips.UnitTest.Adapter, Version=10.0.0.0, Culture=neutral, PublicKeyToken=b03f5f7f11d50a3a" className="TestCase.User, TestCase, Version=1.0.0.0, Culture=neutral, PublicKeyToken=null" name="Remove" />
    </UnitTest>
  </TestDefinitions>
  <TestLists>
    <TestList name="Results Not in a List" id="8c84fa94-04c1-424b-9868-57a2d4851a1d" />
    <TestList name="All Loaded Results" id="19431567-8539-422a-85d7-44ee4e166bda" />
  </TestLists>
  <TestEntries>
    <TestEntry testId="029e4f28-5430-e0d2-274d-4bac2cd65418" executionId="0b85d2dd-3f9f-4a9c-be8f-0f6db66ff9c8" testListId="8c84fa94-04c1-424b-9868-57a2d4851a1d" />
    <TestEntry testId="3a94fc7c-bef5-a52b-b9ba-627d606f9d6f" executionId="47fbb299-e4d0-4810-b03e-53e8b657c7bf" testListId="8c84fa94-04c1-424b-9868-57a2d4851a1d" />
    <TestEntry testId="62686fb1-ea66-dd38-6526-14a2c35b7d9e" executionId="da232055-829d-43fc-803f-ef21dac1a3bc" testListId="8c84fa94-04c1-424b-9868-57a2d4851a1d" />
    <TestEntry testId="fb41fc7e-5006-123f-f244-35118257dab1" executionId="58caefcb-4e34-441e-9443-7e6f6865062e" testListId="8c84fa94-04c1-424b-9868-57a2d4851a1d" />
  </TestEntries>
  <Results>
    <UnitTestResult executionId="0b85d2dd-3f9f-4a9c-be8f-0f6db66ff9c8" testId="029e4f28-5430-e0d2-274d-4bac2cd65418" testName="GetById" computerName="QA-PC" duration="00:00:04.5782618" startTime="2011-07-13T12:16:08.4209455+05:30" endTime="2011-07-13T12:16:12.9992073+05:30" testType="13cdc9d9-ddb5-4fa4-a97d-d965ccfc6d4b" outcome="Aborted" testListId="8c84fa94-04c1-424b-9868-57a2d4851a1d" relativeResultsDirectory="0b85d2dd-3f9f-4a9c-be8f-0f6db66ff9c8">
    </UnitTestResult>
    <UnitTestResult executionId="47fbb299-e4d0-4810-b03e-53e8b657c7bf" testId="3a94fc7c-bef5-a52b-b9ba-627d606f9d6f" testName="GetAll" computerName="QA-PC" testType="13cdc9d9-ddb5-4fa4-a97d-d965ccfc6d4b" outcome="NotExecuted" testListId="8c84fa94-04c1-424b-9868-57a2d4851a1d" relativeResultsDirectory="47fbb299-e4d0-4810-b03e-53e8b657c7bf">
    </UnitTestResult>
    <UnitTestResult executionId="da232055-829d-43fc-803f-ef21dac1a3bc" testId="62686fb1-ea66-dd38-6526-14a2c35b7d9e" testName="Remove" computerName="QA-PC" testType="13cdc9d9-ddb5-4fa4-a97d-d965ccfc6d4b" outcome="NotExecuted" testListId="8c84fa94-04c1-424b-9868-57a2d4851a1d" relativeResultsDirectory="da232055-829d-43fc-803f-ef21dac1a3bc">
    </UnitTestResult>
    <UnitTestResult executionId="58caefcb-4e34-441e-9443-7e6f6865062e" testId="fb41fc7e-5006-123f-f244-35118257dab1" testName="Save" computerName="QA-PC" testType="13cdc9d9-ddb5-4fa4-a97d-d965ccfc6d4b" outcome="NotExecuted" testListId="8c84fa94-04c1-424b-9868-57a2d4851a1d" relativeResultsDirectory="58caefcb-4e34-441e-9443-7e6f6865062e">
    </UnitTestResult>
  </Results>
</TestRun>