<?xml version="1.0" encoding="UTF-8"?>
<TestRun id="b94e6550-4445-427e-8df3-5b7a545ad9af" name="admin@QA-PC 2011-07-13 12:39:24" runUser="QA-PC\admin" xmlns="http://microsoft.com/schemas/VisualStudio/TeamTest/2010">
  <TestSettings name="Local" id="7637512d-7cbd-4d67-9f39-cc9f620de904">
    <Description>These are default test settings for a local test run.</Description>
    <Deployment enabled="false" runDeploymentRoot="admin_QA-PC 2011-07-13 12_39_24">
      <DeploymentItem filename="E:\Harish\Personal\Project\RepositoryPattern\Reference\StructureMap.dll" />
      <DeploymentItem filename="E:\Harish\Personal\Project\RepositoryPattern\BussinessLayer\bin\Debug\BussinessLayer.dll" />
      <DeploymentItem filename="E:\Harish\Personal\Project\RepositoryPattern\DataAccessLayer\bin\Debug\DataAccessLayer.dll" />
    </Deployment>
    <Execution>
      <TestTypeSpecific />
      <AgentRule name="Execution Agents">
      </AgentRule>
    </Execution>
  </TestSettings>
  <Times creation="2011-07-13T12:39:24.4077914+05:30" queuing="2011-07-13T12:39:25.5868588+05:30" start="2011-07-13T12:39:25.6598630+05:30" finish="2011-07-13T12:39:28.7910421+05:30" />
  <ResultSummary outcome="Completed">
    <Counters total="8" executed="8" passed="8" error="0" failed="0" timeout="0" aborted="0" inconclusive="0" passedButRunAborted="0" notRunnable="0" notExecuted="0" disconnected="0" warning="0" completed="0" inProgress="0" pending="0" />
  </ResultSummary>
  <TestDefinitions>
    <UnitTest name="Save" storage="e:\harish\personal\project\repositorypattern\testcase\bin\debug\testcase.dll" id="34c9eb3f-fba5-552c-11a3-9ad7254f99bc">
      <Execution id="ef1efd2c-4480-46ba-841f-a1ba12c31a38" />
      <TestMethod codeBase="E:/Harish/Personal/Project/RepositoryPattern/TestCase/bin/Debug/TestCase.DLL" adapterTypeName="Microsoft.VisualStudio.TestTools.TestTypes.Unit.UnitTestAdapter, Microsoft.VisualStudio.QualityTools.Tips.UnitTest.Adapter, Version=10.0.0.0, Culture=neutral, PublicKeyToken=b03f5f7f11d50a3a" className="TestCase.Department, TestCase, Version=1.0.0.0, Culture=neutral, PublicKeyToken=null" name="Save" />
    </UnitTest>
    <UnitTest name="Remove" storage="e:\harish\personal\project\repositorypattern\testcase\bin\debug\testcase.dll" id="bc9d694a-4191-2bfc-5f36-b64a5302c523">
      <Execution id="5be8a076-73fc-44d0-b323-7ec810fc31d1" />
      <TestMethod codeBase="E:/Harish/Personal/Project/RepositoryPattern/TestCase/bin/Debug/TestCase.DLL" adapterTypeName="Microsoft.VisualStudio.TestTools.TestTypes.Unit.UnitTestAdapter, Microsoft.VisualStudio.QualityTools.Tips.UnitTest.Adapter, Version=10.0.0.0, Culture=neutral, PublicKeyToken=b03f5f7f11d50a3a" className="TestCase.Department, TestCase, Version=1.0.0.0, Culture=neutral, PublicKeyToken=null" name="Remove" />
    </UnitTest>
    <UnitTest name="GetAll" storage="e:\harish\personal\project\repositorypattern\testcase\bin\debug\testcase.dll" id="5ea52863-6514-67e6-e01c-b762becdaa2d">
      <Execution id="f8fdc974-09e8-45d9-bc62-a4cce3f860d4" />
      <TestMethod codeBase="E:/Harish/Personal/Project/RepositoryPattern/TestCase/bin/Debug/TestCase.DLL" adapterTypeName="Microsoft.VisualStudio.TestTools.TestTypes.Unit.UnitTestAdapter, Microsoft.VisualStudio.QualityTools.Tips.UnitTest.Adapter, Version=10.0.0.0, Culture=neutral, PublicKeyToken=b03f5f7f11d50a3a" className="TestCase.Department, TestCase, Version=1.0.0.0, Culture=neutral, PublicKeyToken=null" name="GetAll" />
    </UnitTest>
    <UnitTest name="GetById" storage="e:\harish\personal\project\repositorypattern\testcase\bin\debug\testcase.dll" id="029e4f28-5430-e0d2-274d-4bac2cd65418">
      <Execution id="22a62005-3821-4f84-b00a-38adbeb6fe16" />
      <TestMethod codeBase="E:/Harish/Personal/Project/RepositoryPattern/TestCase/bin/Debug/TestCase.DLL" adapterTypeName="Microsoft.VisualStudio.TestTools.TestTypes.Unit.UnitTestAdapter, Microsoft.VisualStudio.QualityTools.Tips.UnitTest.Adapter, Version=10.0.0.0, Culture=neutral, PublicKeyToken=b03f5f7f11d50a3a" className="TestCase.User, TestCase, Version=1.0.0.0, Culture=neutral, PublicKeyToken=null" name="GetById" />
    </UnitTest>
    <UnitTest name="Remove" storage="e:\harish\personal\project\repositorypattern\testcase\bin\debug\testcase.dll" id="62686fb1-ea66-dd38-6526-14a2c35b7d9e">
      <Execution id="941a6743-e03f-4afe-9968-fa9c8d7a160d" />
      <TestMethod codeBase="E:/Harish/Personal/Project/RepositoryPattern/TestCase/bin/Debug/TestCase.DLL" adapterTypeName="Microsoft.VisualStudio.TestTools.TestTypes.Unit.UnitTestAdapter, Microsoft.VisualStudio.QualityTools.Tips.UnitTest.Adapter, Version=10.0.0.0, Culture=neutral, PublicKeyToken=b03f5f7f11d50a3a" className="TestCase.User, TestCase, Version=1.0.0.0, Culture=neutral, PublicKeyToken=null" name="Remove" />
    </UnitTest>
    <UnitTest name="GetAll" storage="e:\harish\personal\project\repositorypattern\testcase\bin\debug\testcase.dll" id="3a94fc7c-bef5-a52b-b9ba-627d606f9d6f">
      <Execution id="76b01259-7efe-43f2-9c80-8a5b182cf346" />
      <TestMethod codeBase="E:/Harish/Personal/Project/RepositoryPattern/TestCase/bin/Debug/TestCase.DLL" adapterTypeName="Microsoft.VisualStudio.TestTools.TestTypes.Unit.UnitTestAdapter, Microsoft.VisualStudio.QualityTools.Tips.UnitTest.Adapter, Version=10.0.0.0, Culture=neutral, PublicKeyToken=b03f5f7f11d50a3a" className="TestCase.User, TestCase, Version=1.0.0.0, Culture=neutral, PublicKeyToken=null" name="GetAll" />
    </UnitTest>
    <UnitTest name="Save" storage="e:\harish\personal\project\repositorypattern\testcase\bin\debug\testcase.dll" id="fb41fc7e-5006-123f-f244-35118257dab1">
      <Execution id="4adc8c4f-c871-4468-905c-62027a779725" />
      <TestMethod codeBase="E:/Harish/Personal/Project/RepositoryPattern/TestCase/bin/Debug/TestCase.DLL" adapterTypeName="Microsoft.VisualStudio.TestTools.TestTypes.Unit.UnitTestAdapter, Microsoft.VisualStudio.QualityTools.Tips.UnitTest.Adapter, Version=10.0.0.0, Culture=neutral, PublicKeyToken=b03f5f7f11d50a3a" className="TestCase.User, TestCase, Version=1.0.0.0, Culture=neutral, PublicKeyToken=null" name="Save" />
    </UnitTest>
    <UnitTest name="GetById" storage="e:\harish\personal\project\repositorypattern\testcase\bin\debug\testcase.dll" id="220bd03a-93a6-1b93-a5f1-96953a84e428">
      <Execution id="f935d471-ef51-494e-984d-55ee7040c608" />
      <TestMethod codeBase="E:/Harish/Personal/Project/RepositoryPattern/TestCase/bin/Debug/TestCase.DLL" adapterTypeName="Microsoft.VisualStudio.TestTools.TestTypes.Unit.UnitTestAdapter, Microsoft.VisualStudio.QualityTools.Tips.UnitTest.Adapter, Version=10.0.0.0, Culture=neutral, PublicKeyToken=b03f5f7f11d50a3a" className="TestCase.Department, TestCase, Version=1.0.0.0, Culture=neutral, PublicKeyToken=null" name="GetById" />
    </UnitTest>
  </TestDefinitions>
  <TestLists>
    <TestList name="Results Not in a List" id="8c84fa94-04c1-424b-9868-57a2d4851a1d" />
    <TestList name="All Loaded Results" id="19431567-8539-422a-85d7-44ee4e166bda" />
  </TestLists>
  <TestEntries>
    <TestEntry testId="029e4f28-5430-e0d2-274d-4bac2cd65418" executionId="22a62005-3821-4f84-b00a-38adbeb6fe16" testListId="8c84fa94-04c1-424b-9868-57a2d4851a1d" />
    <TestEntry testId="220bd03a-93a6-1b93-a5f1-96953a84e428" executionId="f935d471-ef51-494e-984d-55ee7040c608" testListId="8c84fa94-04c1-424b-9868-57a2d4851a1d" />
    <TestEntry testId="34c9eb3f-fba5-552c-11a3-9ad7254f99bc" executionId="ef1efd2c-4480-46ba-841f-a1ba12c31a38" testListId="8c84fa94-04c1-424b-9868-57a2d4851a1d" />
    <TestEntry testId="3a94fc7c-bef5-a52b-b9ba-627d606f9d6f" executionId="76b01259-7efe-43f2-9c80-8a5b182cf346" testListId="8c84fa94-04c1-424b-9868-57a2d4851a1d" />
    <TestEntry testId="5ea52863-6514-67e6-e01c-b762becdaa2d" executionId="f8fdc974-09e8-45d9-bc62-a4cce3f860d4" testListId="8c84fa94-04c1-424b-9868-57a2d4851a1d" />
    <TestEntry testId="62686fb1-ea66-dd38-6526-14a2c35b7d9e" executionId="941a6743-e03f-4afe-9968-fa9c8d7a160d" testListId="8c84fa94-04c1-424b-9868-57a2d4851a1d" />
    <TestEntry testId="bc9d694a-4191-2bfc-5f36-b64a5302c523" executionId="5be8a076-73fc-44d0-b323-7ec810fc31d1" testListId="8c84fa94-04c1-424b-9868-57a2d4851a1d" />
    <TestEntry testId="fb41fc7e-5006-123f-f244-35118257dab1" executionId="4adc8c4f-c871-4468-905c-62027a779725" testListId="8c84fa94-04c1-424b-9868-57a2d4851a1d" />
  </TestEntries>
  <Results>
    <UnitTestResult executionId="22a62005-3821-4f84-b00a-38adbeb6fe16" testId="029e4f28-5430-e0d2-274d-4bac2cd65418" testName="GetById" computerName="QA-PC" duration="00:00:00.5027282" startTime="2011-07-13T12:39:25.6918648+05:30" endTime="2011-07-13T12:39:26.8299299+05:30" testType="13cdc9d9-ddb5-4fa4-a97d-d965ccfc6d4b" outcome="Passed" testListId="8c84fa94-04c1-424b-9868-57a2d4851a1d" relativeResultsDirectory="22a62005-3821-4f84-b00a-38adbeb6fe16">
    </UnitTestResult>
    <UnitTestResult executionId="f935d471-ef51-494e-984d-55ee7040c608" testId="220bd03a-93a6-1b93-a5f1-96953a84e428" testName="GetById" computerName="QA-PC" duration="00:00:00.0249867" startTime="2011-07-13T12:39:26.8459308+05:30" endTime="2011-07-13T12:39:26.8819329+05:30" testType="13cdc9d9-ddb5-4fa4-a97d-d965ccfc6d4b" outcome="Passed" testListId="8c84fa94-04c1-424b-9868-57a2d4851a1d" relativeResultsDirectory="f935d471-ef51-494e-984d-55ee7040c608">
    </UnitTestResult>
    <UnitTestResult executionId="ef1efd2c-4480-46ba-841f-a1ba12c31a38" testId="34c9eb3f-fba5-552c-11a3-9ad7254f99bc" testName="Save" computerName="QA-PC" duration="00:00:00.0337180" startTime="2011-07-13T12:39:26.8889333+05:30" endTime="2011-07-13T12:39:26.9299356+05:30" testType="13cdc9d9-ddb5-4fa4-a97d-d965ccfc6d4b" outcome="Passed" testListId="8c84fa94-04c1-424b-9868-57a2d4851a1d" relativeResultsDirectory="ef1efd2c-4480-46ba-841f-a1ba12c31a38">
      <Output>
        <StdOut>Record has been saved</StdOut>
      </Output>
    </UnitTestResult>
    <UnitTestResult executionId="76b01259-7efe-43f2-9c80-8a5b182cf346" testId="3a94fc7c-bef5-a52b-b9ba-627d606f9d6f" testName="GetAll" computerName="QA-PC" duration="00:00:00.0108505" startTime="2011-07-13T12:39:26.9359360+05:30" endTime="2011-07-13T12:39:26.9539370+05:30" testType="13cdc9d9-ddb5-4fa4-a97d-d965ccfc6d4b" outcome="Passed" testListId="8c84fa94-04c1-424b-9868-57a2d4851a1d" relativeResultsDirectory="76b01259-7efe-43f2-9c80-8a5b182cf346">
      <Output>
        <StdOut>0 record has been fetched</StdOut>
      </Output>
    </UnitTestResult>
    <UnitTestResult executionId="f8fdc974-09e8-45d9-bc62-a4cce3f860d4" testId="5ea52863-6514-67e6-e01c-b762becdaa2d" testName="GetAll" computerName="QA-PC" duration="00:00:00.0176386" startTime="2011-07-13T12:39:26.9589373+05:30" endTime="2011-07-13T12:39:26.9839387+05:30" testType="13cdc9d9-ddb5-4fa4-a97d-d965ccfc6d4b" outcome="Passed" testListId="8c84fa94-04c1-424b-9868-57a2d4851a1d" relativeResultsDirectory="f8fdc974-09e8-45d9-bc62-a4cce3f860d4">
      <Output>
        <StdOut>3 record has been fetched</StdOut>
      </Output>
    </UnitTestResult>
    <UnitTestResult executionId="941a6743-e03f-4afe-9968-fa9c8d7a160d" testId="62686fb1-ea66-dd38-6526-14a2c35b7d9e" testName="Remove" computerName="QA-PC" duration="00:00:00.0111093" startTime="2011-07-13T12:39:26.9879389+05:30" endTime="2011-07-13T12:39:27.0069400+05:30" testType="13cdc9d9-ddb5-4fa4-a97d-d965ccfc6d4b" outcome="Passed" testListId="8c84fa94-04c1-424b-9868-57a2d4851a1d" relativeResultsDirectory="941a6743-e03f-4afe-9968-fa9c8d7a160d">
    </UnitTestResult>
    <UnitTestResult executionId="5be8a076-73fc-44d0-b323-7ec810fc31d1" testId="bc9d694a-4191-2bfc-5f36-b64a5302c523" testName="Remove" computerName="QA-PC" duration="00:00:00.0409713" startTime="2011-07-13T12:39:27.0119403+05:30" endTime="2011-07-13T12:39:27.0619432+05:30" testType="13cdc9d9-ddb5-4fa4-a97d-d965ccfc6d4b" outcome="Passed" testListId="8c84fa94-04c1-424b-9868-57a2d4851a1d" relativeResultsDirectory="5be8a076-73fc-44d0-b323-7ec810fc31d1">
      <Output>
        <StdOut>Record has been removed</StdOut>
      </Output>
    </UnitTestResult>
    <UnitTestResult executionId="4adc8c4f-c871-4468-905c-62027a779725" testId="fb41fc7e-5006-123f-f244-35118257dab1" testName="Save" computerName="QA-PC" duration="00:00:00.0955091" startTime="2011-07-13T12:39:27.0709437+05:30" endTime="2011-07-13T12:39:27.1779498+05:30" testType="13cdc9d9-ddb5-4fa4-a97d-d965ccfc6d4b" outcome="Passed" testListId="8c84fa94-04c1-424b-9868-57a2d4851a1d" relativeResultsDirectory="4adc8c4f-c871-4468-905c-62027a779725">
      <Output>
        <StdOut>Record has been saved</StdOut>
      </Output>
    </UnitTestResult>
  </Results>
</TestRun>