<?xml version="1.0" encoding="UTF-8"?>
<TestRun id="f75301f3-b32b-4b23-aed8-875c45cd20d2" name="admin@QA-PC 2011-07-13 12:17:02" runUser="QA-PC\admin" xmlns="http://microsoft.com/schemas/VisualStudio/TeamTest/2010">
  <TestSettings name="Local" id="7637512d-7cbd-4d67-9f39-cc9f620de904">
    <Description>These are default test settings for a local test run.</Description>
    <Deployment enabled="false" runDeploymentRoot="admin_QA-PC 2011-07-13 12_17_02">
      <DeploymentItem filename="E:\Harish\Personal\Project\RepositoryPattern\Reference\StructureMap.dll" />
      <DeploymentItem filename="E:\Harish\Personal\Project\RepositoryPattern\BussinessLayer\bin\Debug\BussinessLayer.dll" />
      <DeploymentItem filename="E:\Harish\Personal\Project\RepositoryPattern\DataAccessLayer\bin\Debug\DataAccessLayer.dll" />
    </Deployment>
    <Execution>
      <TestTypeSpecific />
      <AgentRule name="Execution Agents">
      </AgentRule>
    </Execution>
  </TestSettings>
  <Times creation="2011-07-13T12:17:02.2000215+05:30" queuing="2011-07-13T12:17:03.4710942+05:30" start="2011-07-13T12:17:03.7721114+05:30" finish="2011-07-13T12:17:07.0833008+05:30" />
  <ResultSummary outcome="Completed">
    <Counters total="4" executed="4" passed="4" error="0" failed="0" timeout="0" aborted="0" inconclusive="0" passedButRunAborted="0" notRunnable="0" notExecuted="0" disconnected="0" warning="0" completed="0" inProgress="0" pending="0" />
  </ResultSummary>
  <TestDefinitions>
    <UnitTest name="Save" storage="e:\harish\personal\project\repositorypattern\testcase\bin\debug\testcase.dll" id="fb41fc7e-5006-123f-f244-35118257dab1">
      <Execution id="29246e4b-5a12-4b68-9910-c46e67af0f4f" />
      <TestMethod codeBase="E:/Harish/Personal/Project/RepositoryPattern/TestCase/bin/Debug/TestCase.DLL" adapterTypeName="Microsoft.VisualStudio.TestTools.TestTypes.Unit.UnitTestAdapter, Microsoft.VisualStudio.QualityTools.Tips.UnitTest.Adapter, Version=10.0.0.0, Culture=neutral, PublicKeyToken=b03f5f7f11d50a3a" className="TestCase.User, TestCase, Version=1.0.0.0, Culture=neutral, PublicKeyToken=null" name="Save" />
    </UnitTest>
    <UnitTest name="GetAll" storage="e:\harish\personal\project\repositorypattern\testcase\bin\debug\testcase.dll" id="3a94fc7c-bef5-a52b-b9ba-627d606f9d6f">
      <Execution id="73e01d9f-342d-4fad-b170-0d769c6d97c5" />
      <TestMethod codeBase="E:/Harish/Personal/Project/RepositoryPattern/TestCase/bin/Debug/TestCase.DLL" adapterTypeName="Microsoft.VisualStudio.TestTools.TestTypes.Unit.UnitTestAdapter, Microsoft.VisualStudio.QualityTools.Tips.UnitTest.Adapter, Version=10.0.0.0, Culture=neutral, PublicKeyToken=b03f5f7f11d50a3a" className="TestCase.User, TestCase, Version=1.0.0.0, Culture=neutral, PublicKeyToken=null" name="GetAll" />
    </UnitTest>
    <UnitTest name="GetById" storage="e:\harish\personal\project\repositorypattern\testcase\bin\debug\testcase.dll" id="029e4f28-5430-e0d2-274d-4bac2cd65418">
      <Execution id="fcc5c618-8373-4577-b155-8b3c02b679d9" />
      <TestMethod codeBase="E:/Harish/Personal/Project/RepositoryPattern/TestCase/bin/Debug/TestCase.DLL" adapterTypeName="Microsoft.VisualStudio.TestTools.TestTypes.Unit.UnitTestAdapter, Microsoft.VisualStudio.QualityTools.Tips.UnitTest.Adapter, Version=10.0.0.0, Culture=neutral, PublicKeyToken=b03f5f7f11d50a3a" className="TestCase.User, TestCase, Version=1.0.0.0, Culture=neutral, PublicKeyToken=null" name="GetById" />
    </UnitTest>
    <UnitTest name="Remove" storage="e:\harish\personal\project\repositorypattern\testcase\bin\debug\testcase.dll" id="62686fb1-ea66-dd38-6526-14a2c35b7d9e">
      <Execution id="3e399946-5053-470e-89d2-54da3d426c43" />
      <TestMethod codeBase="E:/Harish/Personal/Project/RepositoryPattern/TestCase/bin/Debug/TestCase.DLL" adapterTypeName="Microsoft.VisualStudio.TestTools.TestTypes.Unit.UnitTestAdapter, Microsoft.VisualStudio.QualityTools.Tips.UnitTest.Adapter, Version=10.0.0.0, Culture=neutral, PublicKeyToken=b03f5f7f11d50a3a" className="TestCase.User, TestCase, Version=1.0.0.0, Culture=neutral, PublicKeyToken=null" name="Remove" />
    </UnitTest>
  </TestDefinitions>
  <TestLists>
    <TestList name="Results Not in a List" id="8c84fa94-04c1-424b-9868-57a2d4851a1d" />
    <TestList name="All Loaded Results" id="19431567-8539-422a-85d7-44ee4e166bda" />
  </TestLists>
  <TestEntries>
    <TestEntry testId="029e4f28-5430-e0d2-274d-4bac2cd65418" executionId="fcc5c618-8373-4577-b155-8b3c02b679d9" testListId="8c84fa94-04c1-424b-9868-57a2d4851a1d" />
    <TestEntry testId="3a94fc7c-bef5-a52b-b9ba-627d606f9d6f" executionId="73e01d9f-342d-4fad-b170-0d769c6d97c5" testListId="8c84fa94-04c1-424b-9868-57a2d4851a1d" />
    <TestEntry testId="62686fb1-ea66-dd38-6526-14a2c35b7d9e" executionId="3e399946-5053-470e-89d2-54da3d426c43" testListId="8c84fa94-04c1-424b-9868-57a2d4851a1d" />
    <TestEntry testId="fb41fc7e-5006-123f-f244-35118257dab1" executionId="29246e4b-5a12-4b68-9910-c46e67af0f4f" testListId="8c84fa94-04c1-424b-9868-57a2d4851a1d" />
  </TestEntries>
  <Results>
    <UnitTestResult executionId="fcc5c618-8373-4577-b155-8b3c02b679d9" testId="029e4f28-5430-e0d2-274d-4bac2cd65418" testName="GetById" computerName="QA-PC" duration="00:00:00.4743916" startTime="2011-07-13T12:17:04.0171254+05:30" endTime="2011-07-13T12:17:05.3181998+05:30" testType="13cdc9d9-ddb5-4fa4-a97d-d965ccfc6d4b" outcome="Passed" testListId="8c84fa94-04c1-424b-9868-57a2d4851a1d" relativeResultsDirectory="fcc5c618-8373-4577-b155-8b3c02b679d9">
    </UnitTestResult>
    <UnitTestResult executionId="73e01d9f-342d-4fad-b170-0d769c6d97c5" testId="3a94fc7c-bef5-a52b-b9ba-627d606f9d6f" testName="GetAll" computerName="QA-PC" duration="00:00:00.0093224" startTime="2011-07-13T12:17:05.3292004+05:30" endTime="2011-07-13T12:17:05.3482015+05:30" testType="13cdc9d9-ddb5-4fa4-a97d-d965ccfc6d4b" outcome="Passed" testListId="8c84fa94-04c1-424b-9868-57a2d4851a1d" relativeResultsDirectory="73e01d9f-342d-4fad-b170-0d769c6d97c5">
      <Output>
        <StdOut>object is null</StdOut>
      </Output>
    </UnitTestResult>
    <UnitTestResult executionId="3e399946-5053-470e-89d2-54da3d426c43" testId="62686fb1-ea66-dd38-6526-14a2c35b7d9e" testName="Remove" computerName="QA-PC" duration="00:00:00.0071127" startTime="2011-07-13T12:17:05.3592022+05:30" endTime="2011-07-13T12:17:05.3742030+05:30" testType="13cdc9d9-ddb5-4fa4-a97d-d965ccfc6d4b" outcome="Passed" testListId="8c84fa94-04c1-424b-9868-57a2d4851a1d" relativeResultsDirectory="3e399946-5053-470e-89d2-54da3d426c43">
    </UnitTestResult>
    <UnitTestResult executionId="29246e4b-5a12-4b68-9910-c46e67af0f4f" testId="fb41fc7e-5006-123f-f244-35118257dab1" testName="Save" computerName="QA-PC" duration="00:00:00.0821727" startTime="2011-07-13T12:17:05.3902039+05:30" endTime="2011-07-13T12:17:05.4802091+05:30" testType="13cdc9d9-ddb5-4fa4-a97d-d965ccfc6d4b" outcome="Passed" testListId="8c84fa94-04c1-424b-9868-57a2d4851a1d" relativeResultsDirectory="29246e4b-5a12-4b68-9910-c46e67af0f4f">
      <Output>
        <StdOut>Record has been saved</StdOut>
      </Output>
    </UnitTestResult>
  </Results>
</TestRun>